<?xml version="1.0" encoding="UTF-8"?>
<!-- Generated by org.testng.reporters.JUnitXMLReporter -->
<testsuite hostname="DESKTOP-1JFVJKC" ignored="0" name="Test" tests="4" failures="0" timestamp="27 May 2018 06:05:59 GMT" time="188.025" errors="0">
  <testcase name="createLead" time="4.128" classname="leaf.Lead.CreateLead"/>
  <testcase name="EditLead" time="7.204" classname="leaf.Lead.EditLead"/>
  <testcase name="duplicateLead" time="133.035" classname="leaf.Lead.DublicateLead"/>
  <testcase name="deleteLead" time="8.575" classname="leaf.Lead.DeleteLead"/>
</testsuite> <!-- Test -->
