<?xml version="1.0" encoding="UTF-8"?>
<testng-results skipped="0" failed="0" ignored="0" total="1" passed="1">
  <reporter-output>
  </reporter-output>
  <suite name="Default suite" duration-ms="20341" started-at="2018-06-09T13:43:03Z" finished-at="2018-06-09T13:43:24Z">
    <groups>
      <group name="smoke">
        <method signature="CreateLeadCucumber.createLead()[pri:0, instance:leaf.Lead.CreateLeadCucumber@c03f1f]" name="createLead" class="leaf.Lead.CreateLeadCucumber"/>
      </group> <!-- smoke -->
    </groups>
    <test name="Default test" duration-ms="20341" started-at="2018-06-09T13:43:03Z" finished-at="2018-06-09T13:43:24Z">
      <class name="leaf.Lead.CreateLeadCucumber">
        <test-method status="PASS" signature="login()[pri:0, instance:leaf.Lead.CreateLeadCucumber@c03f1f]" name="login" is-config="true" duration-ms="6909" started-at="2018-06-09T13:43:03Z" finished-at="2018-06-09T13:43:10Z">
          <reporter-output>
          </reporter-output>
        </test-method> <!-- login -->
        <test-method status="PASS" signature="createLead()[pri:0, instance:leaf.Lead.CreateLeadCucumber@c03f1f]" name="createLead" duration-ms="13349" started-at="2018-06-09T13:43:10Z" finished-at="2018-06-09T13:43:24Z">
          <reporter-output>
          </reporter-output>
        </test-method> <!-- createLead -->
        <test-method status="PASS" signature="closeApp()[pri:0, instance:leaf.Lead.CreateLeadCucumber@c03f1f]" name="closeApp" is-config="true" duration-ms="32" started-at="2018-06-09T13:43:24Z" finished-at="2018-06-09T13:43:24Z">
          <reporter-output>
          </reporter-output>
        </test-method> <!-- closeApp -->
      </class> <!-- leaf.Lead.CreateLeadCucumber -->
    </test> <!-- Default test -->
  </suite> <!-- Default suite -->
</testng-results>
